# JRE version: OpenJDK Runtime Environment (11.0.13) (build 11.0.13+0-b1751.21-8125866)
# Java VM: OpenJDK 64-Bit Server VM (11.0.13+0-b1751.21-8125866, mixed mode, tiered, compressed oops, g1 gc, windows-amd64)
Heap:
 garbage-first heap   total 131072K, used 70366K [0x0000000080000000, 0x0000000100000000)
  region size 1024K, 50 young (51200K), 9 survivors (9216K)
 Metaspace       used 44560K, capacity 45581K, committed 45776K, reserved 1089536K
  class space    used 5616K, capacity 5997K, committed 6016K, reserved 1048576K
GC Heap History (16 events):
Event: 3.488 GC heap before
{Heap before GC invocations=0 (full 0):
 garbage-first heap   total 131072K, used 17408K [0x0000000080000000, 0x0000000100000000)
  region size 1024K, 14 young (14336K), 0 survivors (0K)
 Metaspace       used 6773K, capacity 7001K, committed 7168K, reserved 1056768K
  class space    used 575K, capacity 650K, committed 768K, reserved 1048576K
}
Event: 3.499 GC heap after
{Heap after GC invocations=1 (full 0):
 garbage-first heap   total 131072K, used 4521K [0x0000000080000000, 0x0000000100000000)
  region size 1024K, 2 young (2048K), 2 survivors (2048K)
 Metaspace       used 6773K, capacity 7001K, committed 7168K, reserved 1056768K
  class space    used 575K, capacity 650K, committed 768K, reserved 1048576K
}
Event: 4.452 GC heap before
{Heap before GC invocations=1 (full 0):
 garbage-first heap   total 131072K, used 19881K [0x0000000080000000, 0x0000000100000000)
  region size 1024K, 14 young (14336K), 2 survivors (2048K)
 Metaspace       used 10289K, capacity 10565K, committed 10624K, reserved 1058816K
  class space    used 1055K, capacity 1139K, committed 1152K, reserved 1048576K
}
Event: 4.458 GC heap after
{Heap after GC invocations=2 (full 0):
 garbage-first heap   total 131072K, used 9548K [0x0000000080000000, 0x0000000100000000)
  region size 1024K, 2 young (2048K), 2 survivors (2048K)
 Metaspace       used 10289K, capacity 10565K, committed 10624K, reserved 1058816K
  class space    used 1055K, capacity 1139K, committed 1152K, reserved 1048576K
}
Event: 5.819 GC heap before
{Heap before GC invocations=2 (full 0):
 garbage-first heap   total 131072K, used 38220K [0x0000000080000000, 0x0000000100000000)
  region size 1024K, 30 young (30720K), 2 survivors (2048K)
 Metaspace       used 11259K, capacity 11520K, committed 11776K, reserved 1060864K
  class space    used 1156K, capacity 1244K, committed 1280K, reserved 1048576K
}
Event: 5.825 GC heap after
{Heap after GC invocations=3 (full 0):
 garbage-first heap   total 131072K, used 11810K [0x0000000080000000, 0x0000000100000000)
  region size 1024K, 4 young (4096K), 4 survivors (4096K)
 Metaspace       used 11259K, capacity 11520K, committed 11776K, reserved 1060864K
  class space    used 1156K, capacity 1244K, committed 1280K, reserved 1048576K
}
Event: 10.935 GC heap before
{Heap before GC invocations=3 (full 0):
 garbage-first heap   total 131072K, used 53794K [0x0000000080000000, 0x0000000100000000)
  region size 1024K, 46 young (47104K), 4 survivors (4096K)
 Metaspace       used 17666K, capacity 18113K, committed 18432K, reserved 1064960K
  class space    used 2057K, capacity 2211K, committed 2304K, reserved 1048576K
}
Event: 10.954 GC heap after
{Heap after GC invocations=4 (full 0):
 garbage-first heap   total 131072K, used 16320K [0x0000000080000000, 0x0000000100000000)
  region size 1024K, 6 young (6144K), 6 survivors (6144K)
 Metaspace       used 17666K, capacity 18113K, committed 18432K, reserved 1064960K
  class space    used 2057K, capacity 2211K, committed 2304K, reserved 1048576K
}
Event: 12.529 GC heap before
{Heap before GC invocations=4 (full 0):
 garbage-first heap   total 131072K, used 46016K [0x0000000080000000, 0x0000000100000000)
  region size 1024K, 36 young (36864K), 6 survivors (6144K)
 Metaspace       used 20796K, capacity 21199K, committed 21296K, reserved 1069056K
  class space    used 2527K, capacity 2686K, committed 2688K, reserved 1048576K
}
Event: 12.548 GC heap after
{Heap after GC invocations=5 (full 0):
 garbage-first heap   total 131072K, used 17975K [0x0000000080000000, 0x0000000100000000)
  region size 1024K, 7 young (7168K), 7 survivors (7168K)
 Metaspace       used 20796K, capacity 21199K, committed 21296K, reserved 1069056K
  class space    used 2527K, capacity 2686K, committed 2688K, reserved 1048576K
}
Event: 15.300 GC heap before
{Heap before GC invocations=6 (full 0):
 garbage-first heap   total 131072K, used 71223K [0x0000000080000000, 0x0000000100000000)
  region size 1024K, 59 young (60416K), 7 survivors (7168K)
 Metaspace       used 26406K, capacity 27026K, committed 27184K, reserved 1073152K
  class space    used 3403K, capacity 3639K, committed 3712K, reserved 1048576K
}
Event: 15.314 GC heap after
{Heap after GC invocations=7 (full 0):
 garbage-first heap   total 131072K, used 20234K [0x0000000080000000, 0x0000000100000000)
  region size 1024K, 4 young (4096K), 4 survivors (4096K)
 Metaspace       used 26406K, capacity 27026K, committed 27184K, reserved 1073152K
  class space    used 3403K, capacity 3639K, committed 3712K, reserved 1048576K
}
Event: 19.890 GC heap before
{Heap before GC invocations=7 (full 0):
 garbage-first heap   total 131072K, used 82698K [0x0000000080000000, 0x0000000100000000)
  region size 1024K, 66 young (67584K), 4 survivors (4096K)
 Metaspace       used 35014K, capacity 35762K, committed 35920K, reserved 1081344K
  class space    used 4488K, capacity 4788K, committed 4864K, reserved 1048576K
}
Event: 19.915 GC heap after
{Heap after GC invocations=8 (full 0):
 garbage-first heap   total 131072K, used 22869K [0x0000000080000000, 0x0000000100000000)
  region size 1024K, 7 young (7168K), 7 survivors (7168K)
 Metaspace       used 35014K, capacity 35762K, committed 35920K, reserved 1081344K
  class space    used 4488K, capacity 4788K, committed 4864K, reserved 1048576K
}
Event: 25.167 GC heap before
{Heap before GC invocations=9 (full 0):
 garbage-first heap   total 131072K, used 92501K [0x0000000080000000, 0x0000000100000000)
  region size 1024K, 73 young (74752K), 7 survivors (7168K)
 Metaspace       used 40470K, capacity 41345K, committed 41424K, reserved 1085440K
  class space    used 5094K, capacity 5448K, committed 5504K, reserved 1048576K
}
Event: 25.197 GC heap after
{Heap after GC invocations=10 (full 0):
 garbage-first heap   total 131072K, used 28382K [0x0000000080000000, 0x0000000100000000)
  region size 1024K, 9 young (9216K), 9 survivors (9216K)
 Metaspace       used 40470K, capacity 41345K, committed 41424K, reserved 1085440K
  class space    used 5094K, capacity 5448K, committed 5504K, reserved 1048576K
}

